<?xml version="1.0" encoding="UTF-8"?>
<!-- Generated by org.testng.reporters.JUnitXMLReporter -->
<testsuite ignored="0" hostname="Akki-PC" failures="0" tests="8" name="Default test" time="49.978" errors="0" timestamp="2023-01-14T08:04:02 IST">
  <testcase classname="TestCases.CartPageTest" name="verifyBigBotLogoTest" time="1.107"/>
  <testcase classname="TestCases.CartPageTest" name="verifyFacebookLogoTest" time="1.196"/>
  <testcase classname="TestCases.CartPageTest" name="verifyLableTest" time="1.099"/>
  <testcase classname="TestCases.CartPageTest" name="verifyLinkedinLogoTest" time="1.161"/>
  <testcase classname="TestCases.CartPageTest" name="verifyMainLogoTest" time="1.195"/>
  <testcase classname="TestCases.CartPageTest" name="verifyProductCountTest" time="1.103"/>
  <testcase classname="TestCases.CartPageTest" name="verifyTwitterLogoTest" time="1.128"/>
  <testcase classname="TestCases.CartPageTest" name="verifyUrlTest" time="1.176"/>
</testsuite> <!-- Default test -->
