<?xml version="1.0" encoding="UTF-8"?>
<testng-results ignored="4" total="5" passed="1" failed="0" skipped="0">
  <reporter-output>
  </reporter-output>
  <suite started-at="2023-02-14T10:56:56 IST" name="Failed suite [Default suite]" finished-at="2023-02-14T10:57:01 IST" duration-ms="5604">
    <groups>
    </groups>
    <test started-at="2023-02-14T10:56:56 IST" name="Default test(failed)" finished-at="2023-02-14T10:57:01 IST" duration-ms="5604">
      <class name="TestCases.LoginPageTest">
        <test-method is-config="true" signature="setup()[pri:0, instance:TestCases.LoginPageTest@383bfa16]" started-at="2023-02-14T10:56:56 IST" name="setup" finished-at="2023-02-14T10:57:01 IST" duration-ms="5357" status="PASS">
          <reporter-output>
          </reporter-output>
        </test-method> <!-- setup -->
        <test-method signature="verifyTitleTest()[pri:0, instance:TestCases.LoginPageTest@383bfa16]" started-at="2023-02-14T10:57:01 IST" name="verifyTitleTest" finished-at="2023-02-14T10:57:01 IST" duration-ms="34" status="PASS">
          <reporter-output>
          </reporter-output>
        </test-method> <!-- verifyTitleTest -->
        <test-method is-config="true" signature="closeBrowser(org.testng.ITestResult)[pri:0, instance:TestCases.LoginPageTest@383bfa16]" started-at="2023-02-14T10:57:01 IST" name="closeBrowser" finished-at="2023-02-14T10:57:01 IST" duration-ms="152" status="PASS">
          <params>
            <param index="0">
              <value>
                <![CDATA[[TestResult name=verifyTitleTest status=SUCCESS method=LoginPageTest.verifyTitleTest()[pri:0, instance:TestCases.LoginPageTest@383bfa16] output={null}]]]>
              </value>
            </param>
          </params>
          <reporter-output>
          </reporter-output>
        </test-method> <!-- closeBrowser -->
      </class> <!-- TestCases.LoginPageTest -->
    </test> <!-- Default test(failed) -->
  </suite> <!-- Failed suite [Default suite] -->
</testng-results>
